{"Recurso":"TesteCoreeto.zip","User":"admin","component":"Interação User","level":"info","message":"Download de recurso efetuado","timestamp":"2022-06-19 05:20:59"}
{"User":"woods","component":"Interação User","level":"info","message":"Sessão Inicializada","timestamp":"2022-06-19 17:29:28"}
{"User":"woods","component":"Interação User","level":"info","message":"Sessão Inicializada","timestamp":"2022-06-19 17:34:45"}
{"User":"woody","component":"Interação User","level":"info","message":"Sessão Inicializada","timestamp":"2022-06-19 17:40:18"}
{"User":"woods","component":"Interação User","level":"info","message":"Sessão Inicializada","timestamp":"2022-06-19 17:40:43"}
{"User":"woody","component":"Interação User","level":"info","message":"Sessão Inicializada","timestamp":"2022-06-19 17:41:52"}
{"User":"woody","component":"Interação User","level":"info","message":"Sessão Inicializada","timestamp":"2022-06-19 18:07:13"}
{"Recurso":"Slides sobre Jquery","User":"woody","component":"Interação User","level":"info","message":"Recurso Visualizado","timestamp":"2022-06-19 18:07:36"}
{"Recurso":"Slides sobre Jquery","User":"woody","component":"Interação User","level":"info","message":"Recurso Visualizado","timestamp":"2022-06-19 18:08:01"}
{"User":"woods","component":"Interação User","level":"info","message":"Sessão Inicializada","timestamp":"2022-06-19 18:09:27"}
{"Recurso":"Slides sobre Jquery","User":"woods","component":"Interação User","level":"info","message":"Recurso Visualizado","timestamp":"2022-06-19 18:11:49"}
{"Recurso":"Slides sobre Jquery","User":"woods","component":"Interação User","level":"info","message":"Recurso Visualizado","timestamp":"2022-06-19 18:12:44"}
{"Recurso":"Slides sobre Jquery","User":"woods","component":"Interação User","level":"info","message":"Recurso Visualizado","timestamp":"2022-06-19 18:41:50"}
{"User":"woody","component":"Interação User","level":"info","message":"Sessão Inicializada","timestamp":"2022-06-19 20:12:55"}
{"Recurso":"Slides sobre Jquery","User":"woody","component":"Interação User","level":"info","message":"Recurso Visualizado","timestamp":"2022-06-19 20:13:02"}
{"Recurso":"Slides sobre Jquery","User":"woody","component":"Interação User","level":"info","message":"Recurso Visualizado","timestamp":"2022-06-19 20:13:12"}
{"User":"woods","component":"Interação User","level":"info","message":"Sessão Inicializada","timestamp":"2022-06-19 20:15:22"}
{"Recurso":"Slides sobre Jquery","User":"woods","component":"Interação User","level":"info","message":"Recurso Visualizado","timestamp":"2022-06-19 20:15:32"}
{"User":"woods","component":"Interação User","level":"info","message":"Sessão Inicializada","timestamp":"2022-06-19 20:54:17"}
{"Recurso":"Slides sobre Jquery","User":"woods","component":"Interação User","level":"info","message":"Recurso Visualizado","timestamp":"2022-06-19 20:54:21"}
{"User":"admin","component":"Interação User","level":"info","message":"Sessão Inicializada","timestamp":"2022-06-19 21:14:06"}
{"Recurso":"Testes de 2021","User":"admin","component":"Interação User","level":"info","message":"Recurso Visualizado","timestamp":"2022-06-19 21:15:36"}
{"Recurso":"Testes de 2021","User":"admin","component":"Interação User","level":"info","message":"Recurso Visualizado","timestamp":"2022-06-19 21:16:52"}
{"User":"beatriz","component":"Interação User","level":"info","message":"Sessão Inicializada","timestamp":"2022-06-19 21:17:17"}
{"User":"admin","component":"Interação User","level":"info","message":"Sessão Inicializada","timestamp":"2022-06-19 21:17:36"}
{"User":"beatriz","component":"Interação User","level":"info","message":"Sessão Inicializada","timestamp":"2022-06-19 21:17:54"}
{"Recurso":"Slides sobre Jquery","User":"beatriz","component":"Interação User","level":"info","message":"Recurso Visualizado","timestamp":"2022-06-19 21:18:10"}
{"User":"admin","component":"Interação User","level":"info","message":"Sessão Inicializada","timestamp":"2022-06-19 21:19:52"}
{"Recurso":"Testes de 2021","User":"admin","component":"Interação User","level":"info","message":"Recurso Visualizado","timestamp":"2022-06-19 21:19:59"}
{"Recurso":"TesteCorreto.zip","User":"admin","component":"Interação User","level":"info","message":"Download de recurso efetuado","timestamp":"2022-06-19 21:23:43"}
{"User":"admin","component":"Interação User","level":"info","message":"Sessão Inicializada","timestamp":"2022-06-19 21:24:30"}
